0 info it worked if it ends with ok
1 verbose cli [ '/usr/bin/node', '/usr/bin/npm', 'run', 'watch' ]
2 info using npm@1.4.28
3 info using node@v0.10.32
4 verbose node symlink /usr/bin/node
5 verbose run-script [ 'prewatch', 'watch', 'postwatch' ]
6 info prewatch enti@1.0.0
7 info watch enti@1.0.0
8 verbose unsafe-perm in lifecycle true
9 info enti@1.0.0 Failed to exec watch script
10 error enti@1.0.0 watch: `watchify test/index.js -o test/index.browser.js`
10 error Exit status 8
11 error Failed at the enti@1.0.0 watch script.
11 error This is most likely a problem with the enti package,
11 error not with npm itself.
11 error Tell the author that this fails on your system:
11 error     watchify test/index.js -o test/index.browser.js
11 error You can get their info via:
11 error     npm owner ls enti
11 error There is likely additional logging output above.
12 error System Linux 3.13.0-37-generic
13 error command "/usr/bin/node" "/usr/bin/npm" "run" "watch"
14 error cwd /home/kory/dev/enti
15 error node -v v0.10.32
16 error npm -v 1.4.28
17 error code ELIFECYCLE
18 verbose exit [ 1, true ]
